Using pre-set license
Built from '2020.3/staging' branch; Version is '2020.3.28f1 (f5400f52e03f) revision 16072719'; Using compiler version '192528614'; Build Type 'Release'
OS: 'Windows 10  (10.0.19044) 64bit Professional' Language: 'en' Physical Memory: 32668 MB
BatchMode: 1, IsHumanControllingUs: 0, StartBugReporterOnCrash: 0, Is64bit: 1, IsPro: 0

COMMAND LINE ARGUMENTS:
C:\Program Files\Unity\Hub\Editor\2020.3.28f1\Editor\Unity.exe
-adb2
-batchMode
-noUpm
-name
AssetImportWorker0
-projectPath
C:/Unity Project/Tutorial/3D-Top-Down-Shooter/Top Down Shooter Portfolio
-logFile
Logs/AssetImportWorker0.log
-srvPort
50381
Successfully changed project path to: C:/Unity Project/Tutorial/3D-Top-Down-Shooter/Top Down Shooter Portfolio
C:/Unity Project/Tutorial/3D-Top-Down-Shooter/Top Down Shooter Portfolio
Using Asset Import Pipeline V2.
Refreshing native plugins compatible for Editor in 46.74 ms, found 2 plugins.
Preloading 0 native plugins for Editor in 0.00 ms.
Initialize engine version: 2020.3.28f1 (f5400f52e03f)
[Subsystems] Discovering subsystems at path C:/Program Files/Unity/Hub/Editor/2020.3.28f1/Editor/Data/Resources/UnitySubsystems
[Subsystems] Discovering subsystems at path C:/Unity Project/Tutorial/3D-Top-Down-Shooter/Top Down Shooter Portfolio/Assets
GfxDevice: creating device client; threaded=0
Direct3D:
    Version:  Direct3D 11.0 [level 11.1]
    Renderer: NVIDIA GeForce RTX 2080 Ti (ID=0x1e07)
    Vendor:   
    VRAM:     11041 MB
    Driver:   31.0.15.2849
Initialize mono
Mono path[0] = 'C:/Program Files/Unity/Hub/Editor/2020.3.28f1/Editor/Data/Managed'
Mono path[1] = 'C:/Program Files/Unity/Hub/Editor/2020.3.28f1/Editor/Data/MonoBleedingEdge/lib/mono/unityjit'
Mono config path = 'C:/Program Files/Unity/Hub/Editor/2020.3.28f1/Editor/Data/MonoBleedingEdge/etc'
Using monoOptions --debugger-agent=transport=dt_socket,embedding=1,server=y,suspend=n,address=127.0.0.1:56324
Begin MonoManager ReloadAssembly
Registering precompiled unity dll's ...
Register platform support module: C:/Program Files/Unity/Hub/Editor/2020.3.28f1/Editor/Data/PlaybackEngines/WebGLSupport/UnityEditor.WebGL.Extensions.dll
Register platform support module: C:/Program Files/Unity/Hub/Editor/2020.3.28f1/Editor/Data/PlaybackEngines/WindowsStandaloneSupport/UnityEditor.WindowsStandalone.Extensions.dll
Registered in 0.001307 seconds.
Native extension for WindowsStandalone target not found
Native extension for WebGL target not found
Refreshing native plugins compatible for Editor in 44.72 ms, found 2 plugins.
Preloading 0 native plugins for Editor in 0.00 ms.
Mono: successfully reloaded assembly
- Completed reload, in  0.445 seconds
Domain Reload Profiling:
	ReloadAssembly (446ms)
		BeginReloadAssembly (48ms)
			ExecutionOrderSort (0ms)
			DisableScriptedObjects (0ms)
			BackupInstance (0ms)
			ReleaseScriptingObjects (0ms)
			CreateAndSetChildDomain (1ms)
		EndReloadAssembly (348ms)
			LoadAssemblies (47ms)
			RebuildTransferFunctionScriptingTraits (0ms)
			SetupTypeCache (108ms)
			ReleaseScriptCaches (0ms)
			RebuildScriptCaches (22ms)
			SetupLoadedEditorAssemblies (139ms)
				LogAssemblyErrors (0ms)
				InitializePlatformSupportModulesInManaged (4ms)
				SetLoadedEditorAssemblies (0ms)
				RefreshPlugins (45ms)
				BeforeProcessingInitializeOnLoad (10ms)
				ProcessInitializeOnLoadAttributes (60ms)
				ProcessInitializeOnLoadMethodAttributes (20ms)
				AfterProcessingInitializeOnLoad (0ms)
				EditorAssembliesLoaded (0ms)
			ExecutionOrderSort2 (0ms)
			AwakeInstancesAfterBackupRestoration (0ms)
Platform modules already initialized, skipping
Registering precompiled user dll's ...
Registered in 0.002423 seconds.
Begin MonoManager ReloadAssembly
Native extension for WindowsStandalone target not found
Native extension for WebGL target not found
Refreshing native plugins compatible for Editor in 46.88 ms, found 2 plugins.
Preloading 0 native plugins for Editor in 0.00 ms.
Mono: successfully reloaded assembly
- Completed reload, in  0.853 seconds
Domain Reload Profiling:
	ReloadAssembly (853ms)
		BeginReloadAssembly (108ms)
			ExecutionOrderSort (0ms)
			DisableScriptedObjects (3ms)
			BackupInstance (0ms)
			ReleaseScriptingObjects (0ms)
			CreateAndSetChildDomain (14ms)
		EndReloadAssembly (707ms)
			LoadAssemblies (72ms)
			RebuildTransferFunctionScriptingTraits (0ms)
			SetupTypeCache (237ms)
			ReleaseScriptCaches (0ms)
			RebuildScriptCaches (54ms)
			SetupLoadedEditorAssemblies (261ms)
				LogAssemblyErrors (0ms)
				InitializePlatformSupportModulesInManaged (3ms)
				SetLoadedEditorAssemblies (0ms)
				RefreshPlugins (47ms)
				BeforeProcessingInitializeOnLoad (65ms)
				ProcessInitializeOnLoadAttributes (136ms)
				ProcessInitializeOnLoadMethodAttributes (7ms)
				AfterProcessingInitializeOnLoad (3ms)
				EditorAssembliesLoaded (0ms)
			ExecutionOrderSort2 (0ms)
			AwakeInstancesAfterBackupRestoration (5ms)
Platform modules already initialized, skipping
========================================================================
Worker process is ready to serve import requests
Launched and connected shader compiler UnityShaderCompiler.exe after 0.03 seconds
Refreshing native plugins compatible for Editor in 0.59 ms, found 2 plugins.
Preloading 0 native plugins for Editor in 0.00 ms.
Unloading 3344 Unused Serialized files (Serialized files now loaded: 0)
System memory in use before: 162.9 MB.
System memory in use after: 163.1 MB.

Unloading 17 unused Assets to reduce memory usage. Loaded Objects now: 3809.
Total: 2.580600 ms (FindLiveObjects: 0.228900 ms CreateObjectMapping: 0.131900 ms MarkObjects: 2.128800 ms  DeleteObjects: 0.090400 ms)

AssetImportParameters requested are different than current active one (requested -> active):
  custom:framework-win-MediaFoundation: 216162199b28c13a410421893ffa2e32 -> 
  custom:video-decoder-ogg-theora: a1e56fd34408186e4bbccfd4996cb3dc -> 
  custom:container-muxer-webm: aa71ff27fc2769a1b78a27578f13a17b -> 
  custom:container-demuxer-webm: 4f35f7cbe854078d1ac9338744f61a02 -> 
  custom:container-demuxer-ogg: 62fdf1f143b41e24485cea50d1cbac27 -> 
  custom:video-encoder-webm-vp8: eb34c28f22e8b96e1ab97ce403110664 -> 
  custom:video-decoder-webm-vp8: 9c59270c3fd7afecdb556c50c9e8de78 -> 
  custom:audio-decoder-ogg-vorbis: bf7c407c2cedff20999df2af8eb42d56 -> 
  custom:audio-encoder-webm-vorbis: bf7c407c2cedff20999df2af8eb42d56 -> 
========================================================================
Received Import Request.
  path: Assets/Scripts/Damage.cs
  artifactKey: Guid(d5a4a675e66127c4db620245a53877e2) Importer(815301076,1909f56bfc062723c751e8b465ee728b)
Start importing Assets/Scripts/Damage.cs using Guid(d5a4a675e66127c4db620245a53877e2) Importer(815301076,1909f56bfc062723c751e8b465ee728b)  -> (artifact id: 'b895569ed4bb3124e56002a62055a953') in 0.025362 seconds 
  Import took 0.029195 seconds .

========================================================================
Received Import Request.
  Time since last request: 239.795245 seconds.
  path: Assets/Scripts/EnemySpawner.cs
  artifactKey: Guid(eb7dc81e782e2c44693b33cd07ae2998) Importer(815301076,1909f56bfc062723c751e8b465ee728b)
Start importing Assets/Scripts/EnemySpawner.cs using Guid(eb7dc81e782e2c44693b33cd07ae2998) Importer(815301076,1909f56bfc062723c751e8b465ee728b)  -> (artifact id: 'af1994a7b8a17f998856af2658ea7e76') in 0.001375 seconds 
  Import took 0.006133 seconds .

========================================================================
Received Import Request.
  Time since last request: 376.399927 seconds.
  path: Assets/Scripts/HealthSystem.cs
  artifactKey: Guid(9143de463c9248944a5468667da7e2ae) Importer(815301076,1909f56bfc062723c751e8b465ee728b)
Start importing Assets/Scripts/HealthSystem.cs using Guid(9143de463c9248944a5468667da7e2ae) Importer(815301076,1909f56bfc062723c751e8b465ee728b)  -> (artifact id: '2083a63bb2eb126dde589d6323265486') in 0.001357 seconds 
  Import took 0.005353 seconds .

========================================================================
Received Prepare
Registering precompiled user dll's ...
Registered in 0.002273 seconds.
Begin MonoManager ReloadAssembly
Native extension for WindowsStandalone target not found
Native extension for WebGL target not found
Refreshing native plugins compatible for Editor in 0.59 ms, found 2 plugins.
Preloading 0 native plugins for Editor in 0.00 ms.
Mono: successfully reloaded assembly
- Completed reload, in  0.783 seconds
Domain Reload Profiling:
	ReloadAssembly (783ms)
		BeginReloadAssembly (91ms)
			ExecutionOrderSort (0ms)
			DisableScriptedObjects (3ms)
			BackupInstance (0ms)
			ReleaseScriptingObjects (0ms)
			CreateAndSetChildDomain (27ms)
		EndReloadAssembly (652ms)
			LoadAssemblies (74ms)
			RebuildTransferFunctionScriptingTraits (0ms)
			SetupTypeCache (236ms)
			ReleaseScriptCaches (1ms)
			RebuildScriptCaches (51ms)
			SetupLoadedEditorAssemblies (229ms)
				LogAssemblyErrors (0ms)
				InitializePlatformSupportModulesInManaged (4ms)
				SetLoadedEditorAssemblies (0ms)
				RefreshPlugins (1ms)
				BeforeProcessingInitializeOnLoad (80ms)
				ProcessInitializeOnLoadAttributes (134ms)
				ProcessInitializeOnLoadMethodAttributes (7ms)
				AfterProcessingInitializeOnLoad (3ms)
				EditorAssembliesLoaded (0ms)
			ExecutionOrderSort2 (0ms)
			AwakeInstancesAfterBackupRestoration (5ms)
Platform modules already initialized, skipping
Refreshing native plugins compatible for Editor in 0.55 ms, found 2 plugins.
Preloading 0 native plugins for Editor in 0.00 ms.
Unloading 3263 Unused Serialized files (Serialized files now loaded: 0)
System memory in use before: 155.3 MB.
System memory in use after: 155.5 MB.

Unloading 12 unused Assets to reduce memory usage. Loaded Objects now: 3812.
Total: 2.443500 ms (FindLiveObjects: 0.226200 ms CreateObjectMapping: 0.141200 ms MarkObjects: 2.059300 ms  DeleteObjects: 0.016100 ms)

AssetImportParameters requested are different than current active one (requested -> active):
  custom:framework-win-MediaFoundation: 216162199b28c13a410421893ffa2e32 -> 
  custom:video-decoder-ogg-theora: a1e56fd34408186e4bbccfd4996cb3dc -> 
  custom:container-muxer-webm: aa71ff27fc2769a1b78a27578f13a17b -> 
  custom:container-demuxer-webm: 4f35f7cbe854078d1ac9338744f61a02 -> 
  custom:container-demuxer-ogg: 62fdf1f143b41e24485cea50d1cbac27 -> 
  custom:video-encoder-webm-vp8: eb34c28f22e8b96e1ab97ce403110664 -> 
  custom:video-decoder-webm-vp8: 9c59270c3fd7afecdb556c50c9e8de78 -> 
  custom:audio-decoder-ogg-vorbis: bf7c407c2cedff20999df2af8eb42d56 -> 
  custom:audio-encoder-webm-vorbis: bf7c407c2cedff20999df2af8eb42d56 -> 
========================================================================
Received Import Request.
  Time since last request: 317.518740 seconds.
  path: Assets/Scripts/HighscoreTable.cs
  artifactKey: Guid(5f627ea46140dd144bb599c05f57a6a1) Importer(815301076,1909f56bfc062723c751e8b465ee728b)
Start importing Assets/Scripts/HighscoreTable.cs using Guid(5f627ea46140dd144bb599c05f57a6a1) Importer(815301076,1909f56bfc062723c751e8b465ee728b)  -> (artifact id: '1e1d247122befbbea158f08e5037137e') in 0.019454 seconds 
  Import took 0.023186 seconds .

========================================================================
Received Import Request.
  Time since last request: 36.085884 seconds.
  path: Assets/Scripts/ObjectPooler.cs
  artifactKey: Guid(f5005cf8b62f1154680f9fbaeb54a377) Importer(815301076,1909f56bfc062723c751e8b465ee728b)
Start importing Assets/Scripts/ObjectPooler.cs using Guid(f5005cf8b62f1154680f9fbaeb54a377) Importer(815301076,1909f56bfc062723c751e8b465ee728b)  -> (artifact id: '8eb30a718baab36512f0f2ac0203f862') in 0.015520 seconds 
  Import took 0.019646 seconds .

========================================================================
Received Import Request.
  Time since last request: 20.713684 seconds.
  path: Assets/Scripts/PlayerController.cs
  artifactKey: Guid(0fdf175e15ece8844b9d5494752a5f69) Importer(815301076,1909f56bfc062723c751e8b465ee728b)
Start importing Assets/Scripts/PlayerController.cs using Guid(0fdf175e15ece8844b9d5494752a5f69) Importer(815301076,1909f56bfc062723c751e8b465ee728b)  -> (artifact id: '11e8412ad2f6c45a77baf34cf7c14f52') in 0.002038 seconds 
  Import took 0.006012 seconds .

========================================================================
Received Import Request.
  Time since last request: 17.238130 seconds.
  path: Assets/Scripts/PlayerGun.cs
  artifactKey: Guid(bc1abd6e92cef1d438ebffe29718e54d) Importer(815301076,1909f56bfc062723c751e8b465ee728b)
Start importing Assets/Scripts/PlayerGun.cs using Guid(bc1abd6e92cef1d438ebffe29718e54d) Importer(815301076,1909f56bfc062723c751e8b465ee728b)  -> (artifact id: 'bc5752dbdd1d154a31fc6482e62550e8') in 0.001202 seconds 
  Import took 0.005113 seconds .

========================================================================
Received Import Request.
  Time since last request: 3.623089 seconds.
  path: Assets/Scripts/Projectile.cs
  artifactKey: Guid(ba5e1d84805f07544b72bb5b75ea0938) Importer(815301076,1909f56bfc062723c751e8b465ee728b)
Start importing Assets/Scripts/Projectile.cs using Guid(ba5e1d84805f07544b72bb5b75ea0938) Importer(815301076,1909f56bfc062723c751e8b465ee728b)  -> (artifact id: 'b484b68e7d012cfa3f630c68457df4b0') in 0.001472 seconds 
  Import took 0.005400 seconds .

AssetImportWorkerClient::OnTransportError - code=2 error=End of file
